[2024-06-06T10:48:22.692+0530] {processor.py:153} INFO - Started process (PID=48012) to work on /home/e0002/airflow_venv/lib/python3.10/site-packages/airflow/example_dags/example_subdag_operator.py
[2024-06-06T10:48:22.693+0530] {processor.py:743} INFO - Processing file /home/e0002/airflow_venv/lib/python3.10/site-packages/airflow/example_dags/example_subdag_operator.py for tasks to queue
[2024-06-06T10:48:22.693+0530] {logging_mixin.py:137} INFO - [2024-06-06T10:48:22.693+0530] {dagbag.py:538} INFO - Filling up the DagBag from /home/e0002/airflow_venv/lib/python3.10/site-packages/airflow/example_dags/example_subdag_operator.py
[2024-06-06T10:48:22.721+0530] {processor.py:753} INFO - DAG(s) dict_keys(['example_subdag_operator.section-1', 'example_subdag_operator.section-2', 'example_subdag_operator']) retrieved from /home/e0002/airflow_venv/lib/python3.10/site-packages/airflow/example_dags/example_subdag_operator.py
[2024-06-06T10:48:22.744+0530] {logging_mixin.py:137} INFO - [2024-06-06T10:48:22.744+0530] {dag.py:2676} INFO - Sync 3 DAGs
[2024-06-06T10:48:22.763+0530] {logging_mixin.py:137} INFO - [2024-06-06T10:48:22.763+0530] {dag.py:3423} INFO - Setting next_dagrun for example_subdag_operator to 2022-01-01T00:00:00+00:00, run_after=2022-01-01T00:00:00+00:00
[2024-06-06T10:48:22.765+0530] {logging_mixin.py:137} INFO - [2024-06-06T10:48:22.765+0530] {dag.py:3423} INFO - Setting next_dagrun for example_subdag_operator.section-1 to None, run_after=None
[2024-06-06T10:48:22.766+0530] {logging_mixin.py:137} INFO - [2024-06-06T10:48:22.766+0530] {dag.py:3423} INFO - Setting next_dagrun for example_subdag_operator.section-2 to None, run_after=None
[2024-06-06T10:48:22.771+0530] {logging_mixin.py:137} INFO - [2024-06-06T10:48:22.771+0530] {dag.py:2676} INFO - Sync 2 DAGs
[2024-06-06T10:48:22.774+0530] {logging_mixin.py:137} INFO - [2024-06-06T10:48:22.774+0530] {dag.py:3423} INFO - Setting next_dagrun for example_subdag_operator.section-1 to None, run_after=None
[2024-06-06T10:48:22.774+0530] {logging_mixin.py:137} INFO - [2024-06-06T10:48:22.774+0530] {dag.py:3423} INFO - Setting next_dagrun for example_subdag_operator.section-2 to None, run_after=None
[2024-06-06T10:48:22.787+0530] {processor.py:175} INFO - Processing /home/e0002/airflow_venv/lib/python3.10/site-packages/airflow/example_dags/example_subdag_operator.py took 0.099 seconds
[2024-06-06T10:48:58.475+0530] {processor.py:153} INFO - Started process (PID=48119) to work on /home/e0002/airflow_venv/lib/python3.10/site-packages/airflow/example_dags/example_subdag_operator.py
[2024-06-06T10:48:58.477+0530] {processor.py:743} INFO - Processing file /home/e0002/airflow_venv/lib/python3.10/site-packages/airflow/example_dags/example_subdag_operator.py for tasks to queue
[2024-06-06T10:48:58.478+0530] {logging_mixin.py:137} INFO - [2024-06-06T10:48:58.478+0530] {dagbag.py:538} INFO - Filling up the DagBag from /home/e0002/airflow_venv/lib/python3.10/site-packages/airflow/example_dags/example_subdag_operator.py
[2024-06-06T10:48:58.506+0530] {processor.py:753} INFO - DAG(s) dict_keys(['example_subdag_operator.section-1', 'example_subdag_operator.section-2', 'example_subdag_operator']) retrieved from /home/e0002/airflow_venv/lib/python3.10/site-packages/airflow/example_dags/example_subdag_operator.py
[2024-06-06T10:48:58.528+0530] {logging_mixin.py:137} INFO - [2024-06-06T10:48:58.527+0530] {dag.py:2676} INFO - Sync 3 DAGs
[2024-06-06T10:48:58.548+0530] {logging_mixin.py:137} INFO - [2024-06-06T10:48:58.547+0530] {dag.py:3423} INFO - Setting next_dagrun for example_subdag_operator to 2022-01-01T00:00:00+00:00, run_after=2022-01-01T00:00:00+00:00
[2024-06-06T10:48:58.550+0530] {logging_mixin.py:137} INFO - [2024-06-06T10:48:58.550+0530] {dag.py:3423} INFO - Setting next_dagrun for example_subdag_operator.section-1 to None, run_after=None
[2024-06-06T10:48:58.551+0530] {logging_mixin.py:137} INFO - [2024-06-06T10:48:58.551+0530] {dag.py:3423} INFO - Setting next_dagrun for example_subdag_operator.section-2 to None, run_after=None
[2024-06-06T10:48:58.556+0530] {logging_mixin.py:137} INFO - [2024-06-06T10:48:58.556+0530] {dag.py:2676} INFO - Sync 2 DAGs
[2024-06-06T10:48:58.560+0530] {logging_mixin.py:137} INFO - [2024-06-06T10:48:58.560+0530] {dag.py:3423} INFO - Setting next_dagrun for example_subdag_operator.section-1 to None, run_after=None
[2024-06-06T10:48:58.560+0530] {logging_mixin.py:137} INFO - [2024-06-06T10:48:58.560+0530] {dag.py:3423} INFO - Setting next_dagrun for example_subdag_operator.section-2 to None, run_after=None
[2024-06-06T10:48:58.571+0530] {processor.py:175} INFO - Processing /home/e0002/airflow_venv/lib/python3.10/site-packages/airflow/example_dags/example_subdag_operator.py took 0.099 seconds
