[2024-06-18T14:46:58.923+0530] {taskinstance.py:1087} INFO - Dependencies all met for <TaskInstance: file_sensor_dag.file_sensor_task manual__2024-06-18T05:35:54+00:00 [queued]>
[2024-06-18T14:46:58.927+0530] {taskinstance.py:1087} INFO - Dependencies all met for <TaskInstance: file_sensor_dag.file_sensor_task manual__2024-06-18T05:35:54+00:00 [queued]>
[2024-06-18T14:46:58.927+0530] {taskinstance.py:1283} INFO - 
--------------------------------------------------------------------------------
[2024-06-18T14:46:58.927+0530] {taskinstance.py:1284} INFO - Starting attempt 1 of 2
[2024-06-18T14:46:58.927+0530] {taskinstance.py:1285} INFO - 
--------------------------------------------------------------------------------
[2024-06-18T14:46:58.933+0530] {taskinstance.py:1304} INFO - Executing <Task(FileSensor): file_sensor_task> on 2024-06-18 05:35:54+00:00
[2024-06-18T14:46:58.936+0530] {standard_task_runner.py:55} INFO - Started process 215505 to run task
[2024-06-18T14:46:58.938+0530] {standard_task_runner.py:82} INFO - Running: ['airflow', 'tasks', 'run', 'file_sensor_dag', 'file_sensor_task', 'manual__2024-06-18T05:35:54+00:00', '--job-id', '9', '--raw', '--subdir', 'DAGS_FOLDER/file_sensor_dag.py', '--cfg-path', '/tmp/tmpw5uhrra_']
[2024-06-18T14:46:58.939+0530] {standard_task_runner.py:83} INFO - Job 9: Subtask file_sensor_task
[2024-06-18T14:46:58.964+0530] {task_command.py:389} INFO - Running <TaskInstance: file_sensor_dag.file_sensor_task manual__2024-06-18T05:35:54+00:00 [running]> on host purecipher002
[2024-06-18T14:46:58.987+0530] {taskinstance.py:1511} INFO - Exporting the following env vars:
AIRFLOW_CTX_DAG_OWNER=airflow
AIRFLOW_CTX_DAG_ID=file_sensor_dag
AIRFLOW_CTX_TASK_ID=file_sensor_task
AIRFLOW_CTX_EXECUTION_DATE=2024-06-18T05:35:54+00:00
AIRFLOW_CTX_TRY_NUMBER=1
AIRFLOW_CTX_DAG_RUN_ID=manual__2024-06-18T05:35:54+00:00
[2024-06-18T14:46:58.991+0530] {base.py:73} INFO - Using connection ID 'fs_default' for task execution.
[2024-06-18T14:46:58.991+0530] {filesystem.py:64} INFO - Poking for file /home/e0002/airflow/watch_dir/*.txt
[2024-06-18T14:47:09.002+0530] {base.py:73} INFO - Using connection ID 'fs_default' for task execution.
[2024-06-18T14:47:09.002+0530] {filesystem.py:64} INFO - Poking for file /home/e0002/airflow/watch_dir/*.txt
[2024-06-18T14:47:19.013+0530] {base.py:73} INFO - Using connection ID 'fs_default' for task execution.
[2024-06-18T14:47:19.013+0530] {filesystem.py:64} INFO - Poking for file /home/e0002/airflow/watch_dir/*.txt
[2024-06-18T14:47:29.024+0530] {base.py:73} INFO - Using connection ID 'fs_default' for task execution.
[2024-06-18T14:47:29.025+0530] {filesystem.py:64} INFO - Poking for file /home/e0002/airflow/watch_dir/*.txt
[2024-06-18T14:47:39.037+0530] {base.py:73} INFO - Using connection ID 'fs_default' for task execution.
[2024-06-18T14:47:39.037+0530] {filesystem.py:64} INFO - Poking for file /home/e0002/airflow/watch_dir/*.txt
[2024-06-18T14:47:49.050+0530] {base.py:73} INFO - Using connection ID 'fs_default' for task execution.
[2024-06-18T14:47:49.051+0530] {filesystem.py:64} INFO - Poking for file /home/e0002/airflow/watch_dir/*.txt
[2024-06-18T14:47:59.061+0530] {base.py:73} INFO - Using connection ID 'fs_default' for task execution.
[2024-06-18T14:47:59.061+0530] {filesystem.py:64} INFO - Poking for file /home/e0002/airflow/watch_dir/*.txt
[2024-06-18T14:48:09.073+0530] {base.py:73} INFO - Using connection ID 'fs_default' for task execution.
[2024-06-18T14:48:09.073+0530] {filesystem.py:64} INFO - Poking for file /home/e0002/airflow/watch_dir/*.txt
[2024-06-18T14:48:19.085+0530] {base.py:73} INFO - Using connection ID 'fs_default' for task execution.
[2024-06-18T14:48:19.085+0530] {filesystem.py:64} INFO - Poking for file /home/e0002/airflow/watch_dir/*.txt
[2024-06-18T14:48:29.096+0530] {base.py:73} INFO - Using connection ID 'fs_default' for task execution.
[2024-06-18T14:48:29.097+0530] {filesystem.py:64} INFO - Poking for file /home/e0002/airflow/watch_dir/*.txt
[2024-06-18T14:48:39.109+0530] {base.py:73} INFO - Using connection ID 'fs_default' for task execution.
[2024-06-18T14:48:39.109+0530] {filesystem.py:64} INFO - Poking for file /home/e0002/airflow/watch_dir/*.txt
[2024-06-18T14:48:49.120+0530] {base.py:73} INFO - Using connection ID 'fs_default' for task execution.
[2024-06-18T14:48:49.121+0530] {filesystem.py:64} INFO - Poking for file /home/e0002/airflow/watch_dir/*.txt
[2024-06-18T14:48:59.133+0530] {base.py:73} INFO - Using connection ID 'fs_default' for task execution.
[2024-06-18T14:48:59.133+0530] {filesystem.py:64} INFO - Poking for file /home/e0002/airflow/watch_dir/*.txt
[2024-06-18T14:49:09.145+0530] {base.py:73} INFO - Using connection ID 'fs_default' for task execution.
[2024-06-18T14:49:09.145+0530] {filesystem.py:64} INFO - Poking for file /home/e0002/airflow/watch_dir/*.txt
[2024-06-18T14:49:09.145+0530] {filesystem.py:69} INFO - Found File /home/e0002/airflow/watch_dir/abhinav.txt last modified: 20240618144900
[2024-06-18T14:49:09.145+0530] {base.py:228} INFO - Success criteria met. Exiting.
[2024-06-18T14:49:09.147+0530] {taskinstance.py:1322} INFO - Marking task as SUCCESS. dag_id=file_sensor_dag, task_id=file_sensor_task, execution_date=20240618T053554, start_date=20240618T091658, end_date=20240618T091909
[2024-06-18T14:49:09.168+0530] {local_task_job.py:159} INFO - Task exited with return code 0
[2024-06-18T14:49:09.179+0530] {taskinstance.py:2582} INFO - 1 downstream tasks scheduled from follow-on schedule check
