[2024-06-18T14:49:16.958+0530] {taskinstance.py:1087} INFO - Dependencies all met for <TaskInstance: file_sensor_dag.process_file_task manual__2024-06-18T09:10:07+00:00 [queued]>
[2024-06-18T14:49:16.962+0530] {taskinstance.py:1087} INFO - Dependencies all met for <TaskInstance: file_sensor_dag.process_file_task manual__2024-06-18T09:10:07+00:00 [queued]>
[2024-06-18T14:49:16.962+0530] {taskinstance.py:1283} INFO - 
--------------------------------------------------------------------------------
[2024-06-18T14:49:16.962+0530] {taskinstance.py:1284} INFO - Starting attempt 1 of 2
[2024-06-18T14:49:16.962+0530] {taskinstance.py:1285} INFO - 
--------------------------------------------------------------------------------
[2024-06-18T14:49:16.969+0530] {taskinstance.py:1304} INFO - Executing <Task(PythonOperator): process_file_task> on 2024-06-18 09:10:07+00:00
[2024-06-18T14:49:16.972+0530] {standard_task_runner.py:55} INFO - Started process 216897 to run task
[2024-06-18T14:49:16.974+0530] {standard_task_runner.py:82} INFO - Running: ['airflow', 'tasks', 'run', 'file_sensor_dag', 'process_file_task', 'manual__2024-06-18T09:10:07+00:00', '--job-id', '15', '--raw', '--subdir', 'DAGS_FOLDER/file_sensor_dag.py', '--cfg-path', '/tmp/tmpa3y8nnr7']
[2024-06-18T14:49:16.975+0530] {standard_task_runner.py:83} INFO - Job 15: Subtask process_file_task
[2024-06-18T14:49:16.998+0530] {task_command.py:389} INFO - Running <TaskInstance: file_sensor_dag.process_file_task manual__2024-06-18T09:10:07+00:00 [running]> on host purecipher002
[2024-06-18T14:49:17.019+0530] {taskinstance.py:1511} INFO - Exporting the following env vars:
AIRFLOW_CTX_DAG_OWNER=airflow
AIRFLOW_CTX_DAG_ID=file_sensor_dag
AIRFLOW_CTX_TASK_ID=process_file_task
AIRFLOW_CTX_EXECUTION_DATE=2024-06-18T09:10:07+00:00
AIRFLOW_CTX_TRY_NUMBER=1
AIRFLOW_CTX_DAG_RUN_ID=manual__2024-06-18T09:10:07+00:00
[2024-06-18T14:49:17.020+0530] {logging_mixin.py:137} INFO - Processing file: /home/e0002/airflow/watch_dir/abhinav.txt
[2024-06-18T14:49:17.020+0530] {logging_mixin.py:137} INFO - hello world asjdhasdjsalkdjsakjdsalkdsadksaljdksad
askdjjjjsaaaaaaaaaaaaaaaaaaaaaaaaaaaaaaaaaaaaaaaaaaaaaaaaaaaaaaaaa
fffffffffffffffffffffffffffffffffffffffffffffffffffffffffffffffff













ggggggggggggggggggggggggggggggggggggggggggggggggggggggggg
hhhhhhhhhhhhhhhhhhhhhhhhhhhhhhhhhhhhhhhhhhhhhhhhhhhhhhhh
[2024-06-18T14:49:17.020+0530] {python.py:177} INFO - Done. Returned value was: None
[2024-06-18T14:49:17.022+0530] {taskinstance.py:1322} INFO - Marking task as SUCCESS. dag_id=file_sensor_dag, task_id=process_file_task, execution_date=20240618T091007, start_date=20240618T091916, end_date=20240618T091917
[2024-06-18T14:49:17.065+0530] {local_task_job.py:159} INFO - Task exited with return code 0
[2024-06-18T14:49:17.073+0530] {taskinstance.py:2582} INFO - 0 downstream tasks scheduled from follow-on schedule check
