[2024-06-18T11:06:38.285+0530] {taskinstance.py:1087} INFO - Dependencies all met for <TaskInstance: tutorial_dag.extract manual__2024-06-18T05:36:35.263804+00:00 [queued]>
[2024-06-18T11:06:38.289+0530] {taskinstance.py:1087} INFO - Dependencies all met for <TaskInstance: tutorial_dag.extract manual__2024-06-18T05:36:35.263804+00:00 [queued]>
[2024-06-18T11:06:38.289+0530] {taskinstance.py:1283} INFO - 
--------------------------------------------------------------------------------
[2024-06-18T11:06:38.289+0530] {taskinstance.py:1284} INFO - Starting attempt 1 of 3
[2024-06-18T11:06:38.289+0530] {taskinstance.py:1285} INFO - 
--------------------------------------------------------------------------------
[2024-06-18T11:06:38.297+0530] {taskinstance.py:1304} INFO - Executing <Task(PythonOperator): extract> on 2024-06-18 05:36:35.263804+00:00
[2024-06-18T11:06:38.300+0530] {standard_task_runner.py:55} INFO - Started process 193763 to run task
[2024-06-18T11:06:38.302+0530] {standard_task_runner.py:82} INFO - Running: ['airflow', 'tasks', 'run', 'tutorial_dag', 'extract', 'manual__2024-06-18T05:36:35.263804+00:00', '--job-id', '3', '--raw', '--subdir', '/home/e0002/airflow/airflow_venv/lib/python3.10/site-packages/airflow/example_dags/tutorial_dag.py', '--cfg-path', '/tmp/tmph0ksk18p']
[2024-06-18T11:06:38.303+0530] {standard_task_runner.py:83} INFO - Job 3: Subtask extract
[2024-06-18T11:06:38.327+0530] {task_command.py:389} INFO - Running <TaskInstance: tutorial_dag.extract manual__2024-06-18T05:36:35.263804+00:00 [running]> on host purecipher002
[2024-06-18T11:06:38.351+0530] {taskinstance.py:1511} INFO - Exporting the following env vars:
AIRFLOW_CTX_DAG_OWNER=airflow
AIRFLOW_CTX_DAG_ID=tutorial_dag
AIRFLOW_CTX_TASK_ID=extract
AIRFLOW_CTX_EXECUTION_DATE=2024-06-18T05:36:35.263804+00:00
AIRFLOW_CTX_TRY_NUMBER=1
AIRFLOW_CTX_DAG_RUN_ID=manual__2024-06-18T05:36:35.263804+00:00
[2024-06-18T11:06:38.359+0530] {python.py:177} INFO - Done. Returned value was: None
[2024-06-18T11:06:38.361+0530] {taskinstance.py:1322} INFO - Marking task as SUCCESS. dag_id=tutorial_dag, task_id=extract, execution_date=20240618T053635, start_date=20240618T053638, end_date=20240618T053638
[2024-06-18T11:06:38.393+0530] {local_task_job.py:159} INFO - Task exited with return code 0
[2024-06-18T11:06:38.408+0530] {taskinstance.py:2582} INFO - 1 downstream tasks scheduled from follow-on schedule check
