[2024-06-04T11:03:45.439+0530] {taskinstance.py:1087} INFO - Dependencies all met for <TaskInstance: filesystem_dag.success_message manual__2024-06-04T05:33:18.911791+00:00 [queued]>
[2024-06-04T11:03:45.443+0530] {taskinstance.py:1087} INFO - Dependencies all met for <TaskInstance: filesystem_dag.success_message manual__2024-06-04T05:33:18.911791+00:00 [queued]>
[2024-06-04T11:03:45.443+0530] {taskinstance.py:1283} INFO - 
--------------------------------------------------------------------------------
[2024-06-04T11:03:45.443+0530] {taskinstance.py:1284} INFO - Starting attempt 1 of 2
[2024-06-04T11:03:45.443+0530] {taskinstance.py:1285} INFO - 
--------------------------------------------------------------------------------
[2024-06-04T11:03:45.449+0530] {taskinstance.py:1304} INFO - Executing <Task(PythonOperator): success_message> on 2024-06-04 05:33:18.911791+00:00
[2024-06-04T11:03:45.452+0530] {standard_task_runner.py:55} INFO - Started process 7953 to run task
[2024-06-04T11:03:45.454+0530] {standard_task_runner.py:82} INFO - Running: ['airflow', 'tasks', 'run', 'filesystem_dag', 'success_message', 'manual__2024-06-04T05:33:18.911791+00:00', '--job-id', '14', '--raw', '--subdir', 'DAGS_FOLDER/filesystem_dag.py', '--cfg-path', '/tmp/tmpgbeocqkf']
[2024-06-04T11:03:45.455+0530] {standard_task_runner.py:83} INFO - Job 14: Subtask success_message
[2024-06-04T11:03:45.476+0530] {task_command.py:389} INFO - Running <TaskInstance: filesystem_dag.success_message manual__2024-06-04T05:33:18.911791+00:00 [running]> on host purecipher002
[2024-06-04T11:03:45.496+0530] {taskinstance.py:1511} INFO - Exporting the following env vars:
AIRFLOW_CTX_DAG_OWNER=airflow
AIRFLOW_CTX_DAG_ID=filesystem_dag
AIRFLOW_CTX_TASK_ID=success_message
AIRFLOW_CTX_EXECUTION_DATE=2024-06-04T05:33:18.911791+00:00
AIRFLOW_CTX_TRY_NUMBER=1
AIRFLOW_CTX_DAG_RUN_ID=manual__2024-06-04T05:33:18.911791+00:00
[2024-06-04T11:03:45.496+0530] {logging_mixin.py:137} INFO - Successfully completed all tasks!
[2024-06-04T11:03:45.496+0530] {python.py:177} INFO - Done. Returned value was: None
[2024-06-04T11:03:45.498+0530] {taskinstance.py:1322} INFO - Marking task as SUCCESS. dag_id=filesystem_dag, task_id=success_message, execution_date=20240604T053318, start_date=20240604T053345, end_date=20240604T053345
[2024-06-04T11:03:45.546+0530] {local_task_job.py:159} INFO - Task exited with return code 0
[2024-06-04T11:03:45.557+0530] {taskinstance.py:2582} INFO - 1 downstream tasks scheduled from follow-on schedule check
