[2024-06-18T14:41:46.080+0530] {taskinstance.py:1087} INFO - Dependencies all met for <TaskInstance: tutorial_dag.transform manual__2024-06-18T09:11:42.582185+00:00 [queued]>
[2024-06-18T14:41:46.083+0530] {taskinstance.py:1087} INFO - Dependencies all met for <TaskInstance: tutorial_dag.transform manual__2024-06-18T09:11:42.582185+00:00 [queued]>
[2024-06-18T14:41:46.083+0530] {taskinstance.py:1283} INFO - 
--------------------------------------------------------------------------------
[2024-06-18T14:41:46.083+0530] {taskinstance.py:1284} INFO - Starting attempt 1 of 3
[2024-06-18T14:41:46.084+0530] {taskinstance.py:1285} INFO - 
--------------------------------------------------------------------------------
[2024-06-18T14:41:46.090+0530] {taskinstance.py:1304} INFO - Executing <Task(PythonOperator): transform> on 2024-06-18 09:11:42.582185+00:00
[2024-06-18T14:41:46.093+0530] {standard_task_runner.py:55} INFO - Started process 212089 to run task
[2024-06-18T14:41:46.095+0530] {standard_task_runner.py:82} INFO - Running: ['airflow', 'tasks', 'run', 'tutorial_dag', 'transform', 'manual__2024-06-18T09:11:42.582185+00:00', '--job-id', '7', '--raw', '--subdir', '/home/e0002/airflow/airflow_venv/lib/python3.10/site-packages/airflow/example_dags/tutorial_dag.py', '--cfg-path', '/tmp/tmpu7hmgjga']
[2024-06-18T14:41:46.096+0530] {standard_task_runner.py:83} INFO - Job 7: Subtask transform
[2024-06-18T14:41:46.121+0530] {task_command.py:389} INFO - Running <TaskInstance: tutorial_dag.transform manual__2024-06-18T09:11:42.582185+00:00 [running]> on host purecipher002
[2024-06-18T14:41:46.144+0530] {taskinstance.py:1511} INFO - Exporting the following env vars:
AIRFLOW_CTX_DAG_OWNER=airflow
AIRFLOW_CTX_DAG_ID=tutorial_dag
AIRFLOW_CTX_TASK_ID=transform
AIRFLOW_CTX_EXECUTION_DATE=2024-06-18T09:11:42.582185+00:00
AIRFLOW_CTX_TRY_NUMBER=1
AIRFLOW_CTX_DAG_RUN_ID=manual__2024-06-18T09:11:42.582185+00:00
[2024-06-18T14:41:46.151+0530] {python.py:177} INFO - Done. Returned value was: None
[2024-06-18T14:41:46.153+0530] {taskinstance.py:1322} INFO - Marking task as SUCCESS. dag_id=tutorial_dag, task_id=transform, execution_date=20240618T091142, start_date=20240618T091146, end_date=20240618T091146
[2024-06-18T14:41:46.187+0530] {local_task_job.py:159} INFO - Task exited with return code 0
[2024-06-18T14:41:46.197+0530] {taskinstance.py:2582} INFO - 1 downstream tasks scheduled from follow-on schedule check
