[2024-06-05T11:59:32.567+0530] {taskinstance.py:1087} INFO - Dependencies all met for <TaskInstance: filesystem_dag.find_directories scheduled__2024-06-04T00:00:00+00:00 [queued]>
[2024-06-05T11:59:32.571+0530] {taskinstance.py:1087} INFO - Dependencies all met for <TaskInstance: filesystem_dag.find_directories scheduled__2024-06-04T00:00:00+00:00 [queued]>
[2024-06-05T11:59:32.571+0530] {taskinstance.py:1283} INFO - 
--------------------------------------------------------------------------------
[2024-06-05T11:59:32.571+0530] {taskinstance.py:1284} INFO - Starting attempt 1 of 2
[2024-06-05T11:59:32.571+0530] {taskinstance.py:1285} INFO - 
--------------------------------------------------------------------------------
[2024-06-05T11:59:32.581+0530] {taskinstance.py:1304} INFO - Executing <Task(PythonOperator): find_directories> on 2024-06-04 00:00:00+00:00
[2024-06-05T11:59:32.585+0530] {standard_task_runner.py:55} INFO - Started process 34989 to run task
[2024-06-05T11:59:32.589+0530] {standard_task_runner.py:82} INFO - Running: ['airflow', 'tasks', 'run', 'filesystem_dag', 'find_directories', 'scheduled__2024-06-04T00:00:00+00:00', '--job-id', '15', '--raw', '--subdir', 'DAGS_FOLDER/filesystem_dag.py', '--cfg-path', '/tmp/tmp8qm8cju7']
[2024-06-05T11:59:32.590+0530] {standard_task_runner.py:83} INFO - Job 15: Subtask find_directories
[2024-06-05T11:59:32.621+0530] {task_command.py:389} INFO - Running <TaskInstance: filesystem_dag.find_directories scheduled__2024-06-04T00:00:00+00:00 [running]> on host purecipher002
[2024-06-05T11:59:32.646+0530] {taskinstance.py:1511} INFO - Exporting the following env vars:
AIRFLOW_CTX_DAG_OWNER=airflow
AIRFLOW_CTX_DAG_ID=filesystem_dag
AIRFLOW_CTX_TASK_ID=find_directories
AIRFLOW_CTX_EXECUTION_DATE=2024-06-04T00:00:00+00:00
AIRFLOW_CTX_TRY_NUMBER=1
AIRFLOW_CTX_DAG_RUN_ID=scheduled__2024-06-04T00:00:00+00:00
[2024-06-05T11:59:36.006+0530] {python.py:177} INFO - Done. Returned value was: None
[2024-06-05T11:59:36.009+0530] {taskinstance.py:1322} INFO - Marking task as SUCCESS. dag_id=filesystem_dag, task_id=find_directories, execution_date=20240604T000000, start_date=20240605T062932, end_date=20240605T062936
[2024-06-05T11:59:36.052+0530] {local_task_job.py:159} INFO - Task exited with return code 0
[2024-06-05T11:59:36.064+0530] {taskinstance.py:2582} INFO - 1 downstream tasks scheduled from follow-on schedule check
