[2024-06-06T10:48:14.219+0530] {taskinstance.py:1087} INFO - Dependencies all met for <TaskInstance: abhinav_dag.print_date scheduled__2024-06-05T00:00:00+00:00 [queued]>
[2024-06-06T10:48:14.222+0530] {taskinstance.py:1087} INFO - Dependencies all met for <TaskInstance: abhinav_dag.print_date scheduled__2024-06-05T00:00:00+00:00 [queued]>
[2024-06-06T10:48:14.222+0530] {taskinstance.py:1283} INFO - 
--------------------------------------------------------------------------------
[2024-06-06T10:48:14.222+0530] {taskinstance.py:1284} INFO - Starting attempt 1 of 2
[2024-06-06T10:48:14.222+0530] {taskinstance.py:1285} INFO - 
--------------------------------------------------------------------------------
[2024-06-06T10:48:14.228+0530] {taskinstance.py:1304} INFO - Executing <Task(PythonOperator): print_date> on 2024-06-05 00:00:00+00:00
[2024-06-06T10:48:14.231+0530] {standard_task_runner.py:55} INFO - Started process 47920 to run task
[2024-06-06T10:48:14.234+0530] {standard_task_runner.py:82} INFO - Running: ['airflow', 'tasks', 'run', 'abhinav_dag', 'print_date', 'scheduled__2024-06-05T00:00:00+00:00', '--job-id', '20', '--raw', '--subdir', 'DAGS_FOLDER/abhinav_dag.py', '--cfg-path', '/tmp/tmpgz96leu1']
[2024-06-06T10:48:14.235+0530] {standard_task_runner.py:83} INFO - Job 20: Subtask print_date
[2024-06-06T10:48:14.260+0530] {task_command.py:389} INFO - Running <TaskInstance: abhinav_dag.print_date scheduled__2024-06-05T00:00:00+00:00 [running]> on host purecipher002
[2024-06-06T10:48:14.285+0530] {taskinstance.py:1511} INFO - Exporting the following env vars:
AIRFLOW_CTX_DAG_OWNER=airflow
AIRFLOW_CTX_DAG_ID=abhinav_dag
AIRFLOW_CTX_TASK_ID=print_date
AIRFLOW_CTX_EXECUTION_DATE=2024-06-05T00:00:00+00:00
AIRFLOW_CTX_TRY_NUMBER=1
AIRFLOW_CTX_DAG_RUN_ID=scheduled__2024-06-05T00:00:00+00:00
[2024-06-06T10:48:14.285+0530] {logging_mixin.py:137} INFO - Current date: 2024-06-06 10:48:14.285835
[2024-06-06T10:48:14.285+0530] {python.py:177} INFO - Done. Returned value was: None
[2024-06-06T10:48:14.287+0530] {taskinstance.py:1322} INFO - Marking task as SUCCESS. dag_id=abhinav_dag, task_id=print_date, execution_date=20240605T000000, start_date=20240606T051814, end_date=20240606T051814
[2024-06-06T10:48:14.325+0530] {local_task_job.py:159} INFO - Task exited with return code 0
[2024-06-06T10:48:14.333+0530] {taskinstance.py:2582} INFO - 1 downstream tasks scheduled from follow-on schedule check
