[2024-06-18T14:41:47.410+0530] {taskinstance.py:1087} INFO - Dependencies all met for <TaskInstance: tutorial_dag.load manual__2024-06-18T09:11:42.582185+00:00 [queued]>
[2024-06-18T14:41:47.413+0530] {taskinstance.py:1087} INFO - Dependencies all met for <TaskInstance: tutorial_dag.load manual__2024-06-18T09:11:42.582185+00:00 [queued]>
[2024-06-18T14:41:47.414+0530] {taskinstance.py:1283} INFO - 
--------------------------------------------------------------------------------
[2024-06-18T14:41:47.414+0530] {taskinstance.py:1284} INFO - Starting attempt 1 of 3
[2024-06-18T14:41:47.414+0530] {taskinstance.py:1285} INFO - 
--------------------------------------------------------------------------------
[2024-06-18T14:41:47.421+0530] {taskinstance.py:1304} INFO - Executing <Task(PythonOperator): load> on 2024-06-18 09:11:42.582185+00:00
[2024-06-18T14:41:47.424+0530] {standard_task_runner.py:55} INFO - Started process 212100 to run task
[2024-06-18T14:41:47.426+0530] {standard_task_runner.py:82} INFO - Running: ['airflow', 'tasks', 'run', 'tutorial_dag', 'load', 'manual__2024-06-18T09:11:42.582185+00:00', '--job-id', '8', '--raw', '--subdir', '/home/e0002/airflow/airflow_venv/lib/python3.10/site-packages/airflow/example_dags/tutorial_dag.py', '--cfg-path', '/tmp/tmpzc9nfnnj']
[2024-06-18T14:41:47.427+0530] {standard_task_runner.py:83} INFO - Job 8: Subtask load
[2024-06-18T14:41:47.453+0530] {task_command.py:389} INFO - Running <TaskInstance: tutorial_dag.load manual__2024-06-18T09:11:42.582185+00:00 [running]> on host purecipher002
[2024-06-18T14:41:47.479+0530] {taskinstance.py:1511} INFO - Exporting the following env vars:
AIRFLOW_CTX_DAG_OWNER=airflow
AIRFLOW_CTX_DAG_ID=tutorial_dag
AIRFLOW_CTX_TASK_ID=load
AIRFLOW_CTX_EXECUTION_DATE=2024-06-18T09:11:42.582185+00:00
AIRFLOW_CTX_TRY_NUMBER=1
AIRFLOW_CTX_DAG_RUN_ID=manual__2024-06-18T09:11:42.582185+00:00
[2024-06-18T14:41:47.483+0530] {logging_mixin.py:137} INFO - {'total_order_value': 1236.7}
[2024-06-18T14:41:47.483+0530] {python.py:177} INFO - Done. Returned value was: None
[2024-06-18T14:41:47.486+0530] {taskinstance.py:1322} INFO - Marking task as SUCCESS. dag_id=tutorial_dag, task_id=load, execution_date=20240618T091142, start_date=20240618T091147, end_date=20240618T091147
[2024-06-18T14:41:47.518+0530] {local_task_job.py:159} INFO - Task exited with return code 0
[2024-06-18T14:41:47.525+0530] {taskinstance.py:2582} INFO - 0 downstream tasks scheduled from follow-on schedule check
