[2024-06-18T11:06:41.219+0530] {taskinstance.py:1087} INFO - Dependencies all met for <TaskInstance: tutorial_dag.load manual__2024-06-18T05:36:35.263804+00:00 [queued]>
[2024-06-18T11:06:41.222+0530] {taskinstance.py:1087} INFO - Dependencies all met for <TaskInstance: tutorial_dag.load manual__2024-06-18T05:36:35.263804+00:00 [queued]>
[2024-06-18T11:06:41.222+0530] {taskinstance.py:1283} INFO - 
--------------------------------------------------------------------------------
[2024-06-18T11:06:41.223+0530] {taskinstance.py:1284} INFO - Starting attempt 1 of 3
[2024-06-18T11:06:41.223+0530] {taskinstance.py:1285} INFO - 
--------------------------------------------------------------------------------
[2024-06-18T11:06:41.228+0530] {taskinstance.py:1304} INFO - Executing <Task(PythonOperator): load> on 2024-06-18 05:36:35.263804+00:00
[2024-06-18T11:06:41.231+0530] {standard_task_runner.py:55} INFO - Started process 193802 to run task
[2024-06-18T11:06:41.233+0530] {standard_task_runner.py:82} INFO - Running: ['airflow', 'tasks', 'run', 'tutorial_dag', 'load', 'manual__2024-06-18T05:36:35.263804+00:00', '--job-id', '5', '--raw', '--subdir', '/home/e0002/airflow/airflow_venv/lib/python3.10/site-packages/airflow/example_dags/tutorial_dag.py', '--cfg-path', '/tmp/tmpwaeafrii']
[2024-06-18T11:06:41.234+0530] {standard_task_runner.py:83} INFO - Job 5: Subtask load
[2024-06-18T11:06:41.259+0530] {task_command.py:389} INFO - Running <TaskInstance: tutorial_dag.load manual__2024-06-18T05:36:35.263804+00:00 [running]> on host purecipher002
[2024-06-18T11:06:41.283+0530] {taskinstance.py:1511} INFO - Exporting the following env vars:
AIRFLOW_CTX_DAG_OWNER=airflow
AIRFLOW_CTX_DAG_ID=tutorial_dag
AIRFLOW_CTX_TASK_ID=load
AIRFLOW_CTX_EXECUTION_DATE=2024-06-18T05:36:35.263804+00:00
AIRFLOW_CTX_TRY_NUMBER=1
AIRFLOW_CTX_DAG_RUN_ID=manual__2024-06-18T05:36:35.263804+00:00
[2024-06-18T11:06:41.286+0530] {logging_mixin.py:137} INFO - {'total_order_value': 1236.7}
[2024-06-18T11:06:41.287+0530] {python.py:177} INFO - Done. Returned value was: None
[2024-06-18T11:06:41.288+0530] {taskinstance.py:1322} INFO - Marking task as SUCCESS. dag_id=tutorial_dag, task_id=load, execution_date=20240618T053635, start_date=20240618T053641, end_date=20240618T053641
[2024-06-18T11:06:41.324+0530] {local_task_job.py:159} INFO - Task exited with return code 0
[2024-06-18T11:06:41.331+0530] {taskinstance.py:2582} INFO - 0 downstream tasks scheduled from follow-on schedule check
