[2024-06-04T10:45:51.044+0530] {taskinstance.py:1087} INFO - Dependencies all met for <TaskInstance: abhinav_dag.print_date scheduled__2024-06-03T00:00:00+00:00 [queued]>
[2024-06-04T10:45:51.049+0530] {taskinstance.py:1087} INFO - Dependencies all met for <TaskInstance: abhinav_dag.print_date scheduled__2024-06-03T00:00:00+00:00 [queued]>
[2024-06-04T10:45:51.049+0530] {taskinstance.py:1283} INFO - 
--------------------------------------------------------------------------------
[2024-06-04T10:45:51.049+0530] {taskinstance.py:1284} INFO - Starting attempt 1 of 2
[2024-06-04T10:45:51.049+0530] {taskinstance.py:1285} INFO - 
--------------------------------------------------------------------------------
[2024-06-04T10:45:51.056+0530] {taskinstance.py:1304} INFO - Executing <Task(PythonOperator): print_date> on 2024-06-03 00:00:00+00:00
[2024-06-04T10:45:51.059+0530] {standard_task_runner.py:55} INFO - Started process 6382 to run task
[2024-06-04T10:45:51.062+0530] {standard_task_runner.py:82} INFO - Running: ['airflow', 'tasks', 'run', 'abhinav_dag', 'print_date', 'scheduled__2024-06-03T00:00:00+00:00', '--job-id', '6', '--raw', '--subdir', 'DAGS_FOLDER/abhinav_dag.py', '--cfg-path', '/tmp/tmpivfo61p6']
[2024-06-04T10:45:51.063+0530] {standard_task_runner.py:83} INFO - Job 6: Subtask print_date
[2024-06-04T10:45:51.091+0530] {task_command.py:389} INFO - Running <TaskInstance: abhinav_dag.print_date scheduled__2024-06-03T00:00:00+00:00 [running]> on host purecipher002
[2024-06-04T10:45:51.118+0530] {taskinstance.py:1511} INFO - Exporting the following env vars:
AIRFLOW_CTX_DAG_OWNER=airflow
AIRFLOW_CTX_DAG_ID=abhinav_dag
AIRFLOW_CTX_TASK_ID=print_date
AIRFLOW_CTX_EXECUTION_DATE=2024-06-03T00:00:00+00:00
AIRFLOW_CTX_TRY_NUMBER=1
AIRFLOW_CTX_DAG_RUN_ID=scheduled__2024-06-03T00:00:00+00:00
[2024-06-04T10:45:51.119+0530] {logging_mixin.py:137} INFO - Current date: 2024-06-04 10:45:51.119600
[2024-06-04T10:45:51.119+0530] {python.py:177} INFO - Done. Returned value was: None
[2024-06-04T10:45:51.122+0530] {taskinstance.py:1322} INFO - Marking task as SUCCESS. dag_id=abhinav_dag, task_id=print_date, execution_date=20240603T000000, start_date=20240604T051551, end_date=20240604T051551
[2024-06-04T10:45:51.153+0530] {local_task_job.py:159} INFO - Task exited with return code 0
[2024-06-04T10:45:51.165+0530] {taskinstance.py:2582} INFO - 1 downstream tasks scheduled from follow-on schedule check
