[2024-06-04T10:36:11.729+0530] {taskinstance.py:1087} INFO - Dependencies all met for <TaskInstance: dataset_consumes_1.consuming_1 manual__2024-06-04T05:06:08.469540+00:00 [queued]>
[2024-06-04T10:36:11.739+0530] {taskinstance.py:1087} INFO - Dependencies all met for <TaskInstance: dataset_consumes_1.consuming_1 manual__2024-06-04T05:06:08.469540+00:00 [queued]>
[2024-06-04T10:36:11.739+0530] {taskinstance.py:1283} INFO - 
--------------------------------------------------------------------------------
[2024-06-04T10:36:11.739+0530] {taskinstance.py:1284} INFO - Starting attempt 1 of 1
[2024-06-04T10:36:11.739+0530] {taskinstance.py:1285} INFO - 
--------------------------------------------------------------------------------
[2024-06-04T10:36:11.757+0530] {taskinstance.py:1304} INFO - Executing <Task(BashOperator): consuming_1> on 2024-06-04 05:06:08.469540+00:00
[2024-06-04T10:36:11.760+0530] {standard_task_runner.py:55} INFO - Started process 5538 to run task
[2024-06-04T10:36:11.764+0530] {standard_task_runner.py:82} INFO - Running: ['airflow', 'tasks', 'run', 'dataset_consumes_1', 'consuming_1', 'manual__2024-06-04T05:06:08.469540+00:00', '--job-id', '4', '--raw', '--subdir', '/home/e0002/airflow_venv/lib/python3.10/site-packages/airflow/example_dags/example_datasets.py', '--cfg-path', '/tmp/tmpkep33ein']
[2024-06-04T10:36:11.765+0530] {standard_task_runner.py:83} INFO - Job 4: Subtask consuming_1
[2024-06-04T10:36:11.803+0530] {task_command.py:389} INFO - Running <TaskInstance: dataset_consumes_1.consuming_1 manual__2024-06-04T05:06:08.469540+00:00 [running]> on host purecipher002
[2024-06-04T10:36:11.847+0530] {taskinstance.py:1511} INFO - Exporting the following env vars:
AIRFLOW_CTX_DAG_OWNER=airflow
AIRFLOW_CTX_DAG_ID=dataset_consumes_1
AIRFLOW_CTX_TASK_ID=consuming_1
AIRFLOW_CTX_EXECUTION_DATE=2024-06-04T05:06:08.469540+00:00
AIRFLOW_CTX_TRY_NUMBER=1
AIRFLOW_CTX_DAG_RUN_ID=manual__2024-06-04T05:06:08.469540+00:00
[2024-06-04T10:36:11.849+0530] {subprocess.py:63} INFO - Tmp dir root location: 
 /tmp
[2024-06-04T10:36:11.849+0530] {subprocess.py:75} INFO - Running command: ['/usr/bin/bash', '-c', 'sleep 5']
[2024-06-04T10:36:11.857+0530] {subprocess.py:86} INFO - Output:
[2024-06-04T10:36:16.860+0530] {subprocess.py:97} INFO - Command exited with return code 0
[2024-06-04T10:36:16.871+0530] {logging_mixin.py:137} WARNING - /home/e0002/airflow_venv/lib/python3.10/site-packages/airflow/models/baseoperator.py:1393 RemovedInAirflow3Warning: Passing 'execution_date' to 'TaskInstance.xcom_push()' is deprecated.
[2024-06-04T10:36:16.877+0530] {taskinstance.py:1322} INFO - Marking task as SUCCESS. dag_id=dataset_consumes_1, task_id=consuming_1, execution_date=20240604T050608, start_date=20240604T050611, end_date=20240604T050616
[2024-06-04T10:36:16.911+0530] {local_task_job.py:159} INFO - Task exited with return code 0
[2024-06-04T10:36:16.918+0530] {taskinstance.py:2582} INFO - 0 downstream tasks scheduled from follow-on schedule check
